2025-11-02 22:41:31.591 [background-preinit] INFO  org.hibernate.validator.internal.util.Version - HV000001: Hibernate Validator 8.0.2.Final
2025-11-02 22:41:31.616 [main] INFO  com.quanxiaoha.ai.robot.XiaohaAiRobotSpringbootApplication - Starting XiaohaAiRobotSpringbootApplication using Java 21.0.7 with PID 285084 (E:\java_workspace\xiaoha-ai-robot\project\xiaoha-ai-robot-springboot\target\classes started by Administrator in E:\java_workspace\xiaoha-ai-robot\project\xiaoha-ai-robot-springboot)
2025-11-02 22:41:31.617 [main] INFO  com.quanxiaoha.ai.robot.XiaohaAiRobotSpringbootApplication - The following 1 profile is active: "dev"
2025-11-02 22:41:32.535 [main] INFO  org.springframework.boot.web.embedded.tomcat.TomcatWebServer - Tomcat initialized with port 8080 (http)
2025-11-02 22:41:32.544 [main] INFO  org.apache.coyote.http11.Http11NioProtocol - Initializing ProtocolHandler ["http-nio-8080"]
2025-11-02 22:41:32.545 [main] INFO  org.apache.catalina.core.StandardService - Starting service [Tomcat]
2025-11-02 22:41:32.545 [main] INFO  org.apache.catalina.core.StandardEngine - Starting Servlet engine: [Apache Tomcat/10.1.40]
2025-11-02 22:41:32.574 [main] INFO  org.apache.catalina.core.ContainerBase.[Tomcat].[localhost].[/] - Initializing Spring embedded WebApplicationContext
2025-11-02 22:41:32.574 [main] INFO  org.springframework.boot.web.servlet.context.ServletWebServerApplicationContext - Root WebApplicationContext: initialization completed in 933 ms
2025-11-02 22:41:33.284 [main] INFO  com.baomidou.mybatisplus.extension.spring.MybatisPlusApplicationContextAware - Register ApplicationContext instances org.springframework.boot.web.servlet.context.AnnotationConfigServletWebServerApplicationContext@437ebf59
2025-11-02 22:41:33.371 [main] INFO  org.apache.coyote.http11.Http11NioProtocol - Starting ProtocolHandler ["http-nio-8080"]
2025-11-02 22:41:33.372 [main] WARN  org.springframework.boot.web.servlet.context.AnnotationConfigServletWebServerApplicationContext - Exception encountered during context initialization - cancelling refresh attempt: org.springframework.context.ApplicationContextException: Failed to start bean 'webServerStartStop'
2025-11-02 22:41:33.387 [main] INFO  org.springframework.boot.autoconfigure.logging.ConditionEvaluationReportLogger - 

Error starting ApplicationContext. To display the condition evaluation report re-run your application with 'debug' enabled.
2025-11-02 22:41:33.395 [main] ERROR org.springframework.boot.diagnostics.LoggingFailureAnalysisReporter - 

***************************
APPLICATION FAILED TO START
***************************

Description:

Web server failed to start. Port 8080 was already in use.

Action:

Identify and stop the process that's listening on port 8080 or configure this application to listen on another port.

2025-11-02 22:41:49.011 [background-preinit] INFO  org.hibernate.validator.internal.util.Version - HV000001: Hibernate Validator 8.0.2.Final
2025-11-02 22:41:49.030 [main] INFO  com.quanxiaoha.ai.robot.XiaohaAiRobotSpringbootApplication - Starting XiaohaAiRobotSpringbootApplication using Java 21.0.7 with PID 262984 (E:\java_workspace\xiaoha-ai-robot\project\xiaoha-ai-robot-springboot\target\classes started by Administrator in E:\java_workspace\xiaoha-ai-robot\project\xiaoha-ai-robot-springboot)
2025-11-02 22:41:49.032 [main] INFO  com.quanxiaoha.ai.robot.XiaohaAiRobotSpringbootApplication - The following 1 profile is active: "dev"
2025-11-02 22:41:49.783 [main] INFO  org.springframework.boot.web.embedded.tomcat.TomcatWebServer - Tomcat initialized with port 8080 (http)
2025-11-02 22:41:49.792 [main] INFO  org.apache.coyote.http11.Http11NioProtocol - Initializing ProtocolHandler ["http-nio-8080"]
2025-11-02 22:41:49.793 [main] INFO  org.apache.catalina.core.StandardService - Starting service [Tomcat]
2025-11-02 22:41:49.793 [main] INFO  org.apache.catalina.core.StandardEngine - Starting Servlet engine: [Apache Tomcat/10.1.40]
2025-11-02 22:41:49.817 [main] INFO  org.apache.catalina.core.ContainerBase.[Tomcat].[localhost].[/] - Initializing Spring embedded WebApplicationContext
2025-11-02 22:41:49.818 [main] INFO  org.springframework.boot.web.servlet.context.ServletWebServerApplicationContext - Root WebApplicationContext: initialization completed in 768 ms
2025-11-02 22:41:50.365 [main] INFO  com.baomidou.mybatisplus.extension.spring.MybatisPlusApplicationContextAware - Register ApplicationContext instances org.springframework.boot.web.servlet.context.AnnotationConfigServletWebServerApplicationContext@150d80c4
2025-11-02 22:41:50.443 [main] INFO  org.apache.coyote.http11.Http11NioProtocol - Starting ProtocolHandler ["http-nio-8080"]
2025-11-02 22:41:50.448 [main] INFO  org.springframework.boot.web.embedded.tomcat.TomcatWebServer - Tomcat started on port 8080 (http) with context path '/'
2025-11-02 22:41:50.452 [main] INFO  com.quanxiaoha.ai.robot.XiaohaAiRobotSpringbootApplication - Started XiaohaAiRobotSpringbootApplication in 1.604 seconds (process running for 2.057)
2025-11-02 22:49:06.035 [http-nio-8080-exec-1] INFO  org.apache.catalina.core.ContainerBase.[Tomcat].[localhost].[/] - Initializing Spring DispatcherServlet 'dispatcherServlet'
2025-11-02 22:49:06.035 [http-nio-8080-exec-1] INFO  org.springframework.web.servlet.DispatcherServlet - Initializing Servlet 'dispatcherServlet'
2025-11-02 22:49:06.036 [http-nio-8080-exec-1] INFO  org.springframework.web.servlet.DispatcherServlet - Completed initialization in 1 ms
2025-11-02 22:49:06.070 [http-nio-8080-exec-1] INFO  com.quanxiaoha.ai.robot.service.impl.CustomerServiceImpl - ## Markdown 问答文件存储成功, 文件名：整合微软 fetch-event-source 库：发送 Post 方式的 SSE 请求.md -> 存储路径：E:\java_workspace\xiaoha-ai-robot\9a7e651c-13f2-43aa-ab41-783465d2fdfd-整合微软 fetch-event-source 库：发送 Post 方式的 SSE 请求.md
2025-11-02 22:49:06.115 [http-nio-8080-exec-1] INFO  com.zaxxer.hikari.HikariDataSource - AI-Robot-HikariCP - Starting...
2025-11-02 22:49:06.224 [http-nio-8080-exec-1] INFO  com.zaxxer.hikari.pool.HikariPool - AI-Robot-HikariCP - Added connection com.p6spy.engine.wrapper.ConnectionWrapper@6dd15b9
2025-11-02 22:49:06.225 [http-nio-8080-exec-1] INFO  com.zaxxer.hikari.HikariDataSource - AI-Robot-HikariCP - Start completed.
2025-11-02 22:49:06.243 [http-nio-8080-exec-1] INFO  com.quanxiaoha.ai.robot.event.listener.AiCustomerServiceMdUploadedListener - ## AiCustomerServiceMdUploadedEvent: AiCustomerServiceMdUploadedEvent(filePath=E:\java_workspace\xiaoha-ai-robot\9a7e651c-13f2-43aa-ab41-783465d2fdfd-整合微软 fetch-event-source 库：发送 Post 方式的 SSE 请求.md)
2025-11-02 22:55:48.247 [SpringApplicationShutdownHook] INFO  org.springframework.boot.web.embedded.tomcat.GracefulShutdown - Commencing graceful shutdown. Waiting for active requests to complete
2025-11-02 22:55:48.250 [tomcat-shutdown] INFO  org.springframework.boot.web.embedded.tomcat.GracefulShutdown - Graceful shutdown complete
2025-11-02 22:55:48.253 [SpringApplicationShutdownHook] INFO  com.zaxxer.hikari.HikariDataSource - AI-Robot-HikariCP - Shutdown initiated...
2025-11-02 22:55:48.254 [SpringApplicationShutdownHook] INFO  com.zaxxer.hikari.HikariDataSource - AI-Robot-HikariCP - Shutdown completed.
2025-11-02 22:55:50.572 [background-preinit] INFO  org.hibernate.validator.internal.util.Version - HV000001: Hibernate Validator 8.0.2.Final
2025-11-02 22:55:50.594 [main] INFO  com.quanxiaoha.ai.robot.XiaohaAiRobotSpringbootApplication - Starting XiaohaAiRobotSpringbootApplication using Java 21.0.7 with PID 168104 (E:\java_workspace\xiaoha-ai-robot\project\xiaoha-ai-robot-springboot\target\classes started by Administrator in E:\java_workspace\xiaoha-ai-robot\project\xiaoha-ai-robot-springboot)
2025-11-02 22:55:50.595 [main] INFO  com.quanxiaoha.ai.robot.XiaohaAiRobotSpringbootApplication - The following 1 profile is active: "dev"
2025-11-02 22:55:51.329 [main] INFO  org.springframework.boot.web.embedded.tomcat.TomcatWebServer - Tomcat initialized with port 8080 (http)
2025-11-02 22:55:51.336 [main] INFO  org.apache.coyote.http11.Http11NioProtocol - Initializing ProtocolHandler ["http-nio-8080"]
2025-11-02 22:55:51.337 [main] INFO  org.apache.catalina.core.StandardService - Starting service [Tomcat]
2025-11-02 22:55:51.337 [main] INFO  org.apache.catalina.core.StandardEngine - Starting Servlet engine: [Apache Tomcat/10.1.40]
2025-11-02 22:55:51.363 [main] INFO  org.apache.catalina.core.ContainerBase.[Tomcat].[localhost].[/] - Initializing Spring embedded WebApplicationContext
2025-11-02 22:55:51.363 [main] INFO  org.springframework.boot.web.servlet.context.ServletWebServerApplicationContext - Root WebApplicationContext: initialization completed in 749 ms
2025-11-02 22:55:51.903 [main] INFO  com.baomidou.mybatisplus.extension.spring.MybatisPlusApplicationContextAware - Register ApplicationContext instances org.springframework.boot.web.servlet.context.AnnotationConfigServletWebServerApplicationContext@150d80c4
2025-11-02 22:55:51.993 [main] INFO  org.apache.coyote.http11.Http11NioProtocol - Starting ProtocolHandler ["http-nio-8080"]
2025-11-02 22:55:51.998 [main] INFO  org.springframework.boot.web.embedded.tomcat.TomcatWebServer - Tomcat started on port 8080 (http) with context path '/'
2025-11-02 22:55:52.002 [main] INFO  com.quanxiaoha.ai.robot.XiaohaAiRobotSpringbootApplication - Started XiaohaAiRobotSpringbootApplication in 1.593 seconds (process running for 2.099)
2025-11-02 22:56:04.319 [http-nio-8080-exec-1] INFO  org.apache.catalina.core.ContainerBase.[Tomcat].[localhost].[/] - Initializing Spring DispatcherServlet 'dispatcherServlet'
2025-11-02 22:56:04.320 [http-nio-8080-exec-1] INFO  org.springframework.web.servlet.DispatcherServlet - Initializing Servlet 'dispatcherServlet'
2025-11-02 22:56:04.321 [http-nio-8080-exec-1] INFO  org.springframework.web.servlet.DispatcherServlet - Completed initialization in 0 ms
2025-11-02 22:56:04.348 [http-nio-8080-exec-1] INFO  com.quanxiaoha.ai.robot.service.impl.CustomerServiceImpl - ## Markdown 问答文件存储成功, 文件名：整合微软 fetch-event-source 库：发送 Post 方式的 SSE 请求.md -> 存储路径：E:\java_workspace\xiaoha-ai-robot\cd0a19e1-64a7-403a-b082-d44089fde3f7-整合微软 fetch-event-source 库：发送 Post 方式的 SSE 请求.md
2025-11-02 22:56:04.379 [http-nio-8080-exec-1] INFO  com.zaxxer.hikari.HikariDataSource - AI-Robot-HikariCP - Starting...
2025-11-02 22:56:04.472 [http-nio-8080-exec-1] INFO  com.zaxxer.hikari.pool.HikariPool - AI-Robot-HikariCP - Added connection com.p6spy.engine.wrapper.ConnectionWrapper@1b984a2d
2025-11-02 22:56:04.473 [http-nio-8080-exec-1] INFO  com.zaxxer.hikari.HikariDataSource - AI-Robot-HikariCP - Start completed.
2025-11-02 22:56:04.490 [event-handler-1] INFO  com.quanxiaoha.ai.robot.event.listener.AiCustomerServiceMdUploadedListener - ## AiCustomerServiceMdUploadedEvent: AiCustomerServiceMdUploadedEvent(filePath=E:\java_workspace\xiaoha-ai-robot\cd0a19e1-64a7-403a-b082-d44089fde3f7-整合微软 fetch-event-source 库：发送 Post 方式的 SSE 请求.md)
2025-11-02 23:28:18.236 [SpringApplicationShutdownHook] INFO  org.springframework.boot.web.embedded.tomcat.GracefulShutdown - Commencing graceful shutdown. Waiting for active requests to complete
2025-11-02 23:28:18.239 [tomcat-shutdown] INFO  org.springframework.boot.web.embedded.tomcat.GracefulShutdown - Graceful shutdown complete
2025-11-02 23:28:18.241 [SpringApplicationShutdownHook] INFO  com.zaxxer.hikari.HikariDataSource - AI-Robot-HikariCP - Shutdown initiated...
2025-11-02 23:28:18.242 [SpringApplicationShutdownHook] INFO  com.zaxxer.hikari.HikariDataSource - AI-Robot-HikariCP - Shutdown completed.
