2025-09-03 18:53:25.109 [boundedElastic-1] ERROR com.quanxiaoha.ai.robot.advisor.CustomStreamLoggerAndMessage2DBAdvisor - 
org.springframework.dao.DataIntegrityViolationException: 
### Error updating database.  Cause: org.postgresql.util.PSQLException: ERROR: value too long for type character varying(32)
### The error may exist in com/quanxiaoha/ai/robot/domain/mapper/ChatMessageMapper.java (best guess)
### The error may involve com.quanxiaoha.ai.robot.domain.mapper.ChatMessageMapper.insert-Inline
### The error occurred while setting parameters
### SQL: INSERT INTO t_chat_message  ( chat_uuid, content, role, create_time )  VALUES (  ?, ?, ?, ?  )
### Cause: org.postgresql.util.PSQLException: ERROR: value too long for type character varying(32)
; ERROR: value too long for type character varying(32)
	at org.springframework.jdbc.support.SQLStateSQLExceptionTranslator.doTranslate(SQLStateSQLExceptionTranslator.java:118) ~[spring-jdbc-6.2.6.jar:6.2.6]
	at org.springframework.jdbc.support.AbstractFallbackSQLExceptionTranslator.translate(AbstractFallbackSQLExceptionTranslator.java:107) ~[spring-jdbc-6.2.6.jar:6.2.6]
	at org.springframework.jdbc.support.AbstractFallbackSQLExceptionTranslator.translate(AbstractFallbackSQLExceptionTranslator.java:116) ~[spring-jdbc-6.2.6.jar:6.2.6]
	at org.springframework.jdbc.support.AbstractFallbackSQLExceptionTranslator.translate(AbstractFallbackSQLExceptionTranslator.java:116) ~[spring-jdbc-6.2.6.jar:6.2.6]
	at org.mybatis.spring.MyBatisExceptionTranslator.translateExceptionIfPossible(MyBatisExceptionTranslator.java:93) ~[mybatis-spring-3.0.4.jar:3.0.4]
	at org.mybatis.spring.SqlSessionTemplate$SqlSessionInterceptor.invoke(SqlSessionTemplate.java:347) ~[mybatis-spring-3.0.4.jar:3.0.4]
	at jdk.proxy2/jdk.proxy2.$Proxy86.insert(Unknown Source) ~[?:?]
	at org.mybatis.spring.SqlSessionTemplate.insert(SqlSessionTemplate.java:224) ~[mybatis-spring-3.0.4.jar:3.0.4]
	at com.baomidou.mybatisplus.core.override.MybatisMapperMethod.execute(MybatisMapperMethod.java:59) ~[mybatis-plus-core-3.5.12.jar:3.5.12]
	at com.baomidou.mybatisplus.core.override.MybatisMapperProxy$PlainMethodInvoker.invoke(MybatisMapperProxy.java:156) ~[mybatis-plus-core-3.5.12.jar:3.5.12]
	at com.baomidou.mybatisplus.core.override.MybatisMapperProxy.invoke(MybatisMapperProxy.java:93) ~[mybatis-plus-core-3.5.12.jar:3.5.12]
	at jdk.proxy2/jdk.proxy2.$Proxy90.insert(Unknown Source) ~[?:?]
	at com.quanxiaoha.ai.robot.advisor.CustomStreamLoggerAndMessage2DBAdvisor.lambda$adviseStream$1(CustomStreamLoggerAndMessage2DBAdvisor.java:88) ~[classes/:?]
	at org.springframework.transaction.support.TransactionTemplate.execute(TransactionTemplate.java:140) ~[spring-tx-6.2.6.jar:6.2.6]
	at com.quanxiaoha.ai.robot.advisor.CustomStreamLoggerAndMessage2DBAdvisor.lambda$adviseStream$2(CustomStreamLoggerAndMessage2DBAdvisor.java:85) ~[classes/:?]
	at reactor.core.publisher.FluxPeekFuseable$PeekConditionalSubscriber.onComplete(FluxPeekFuseable.java:931) ~[reactor-core-3.7.5.jar:3.7.5]
	at reactor.core.publisher.FluxPeekFuseable$PeekConditionalSubscriber.onComplete(FluxPeekFuseable.java:940) ~[reactor-core-3.7.5.jar:3.7.5]
	at reactor.core.publisher.FluxContextWrite$ContextWriteSubscriber.onComplete(FluxContextWrite.java:126) ~[reactor-core-3.7.5.jar:3.7.5]
	at reactor.core.publisher.FluxDoFinally$DoFinallySubscriber.onComplete(FluxDoFinally.java:128) ~[reactor-core-3.7.5.jar:3.7.5]
	at reactor.core.publisher.FluxPeekFuseable$PeekFuseableConditionalSubscriber.onComplete(FluxPeekFuseable.java:595) ~[reactor-core-3.7.5.jar:3.7.5]
	at reactor.core.publisher.FluxPublishOn$PublishOnConditionalSubscriber.doComplete(FluxPublishOn.java:1106) ~[reactor-core-3.7.5.jar:3.7.5]
	at reactor.core.publisher.FluxPublishOn$PublishOnConditionalSubscriber.checkTerminated(FluxPublishOn.java:1140) ~[reactor-core-3.7.5.jar:3.7.5]
	at reactor.core.publisher.FluxPublishOn$PublishOnConditionalSubscriber.runAsync(FluxPublishOn.java:996) ~[reactor-core-3.7.5.jar:3.7.5]
	at reactor.core.publisher.FluxPublishOn$PublishOnConditionalSubscriber.run(FluxPublishOn.java:1079) ~[reactor-core-3.7.5.jar:3.7.5]
	at reactor.core.scheduler.WorkerTask.call(WorkerTask.java:84) ~[reactor-core-3.7.5.jar:3.7.5]
	at reactor.core.scheduler.WorkerTask.call(WorkerTask.java:37) ~[reactor-core-3.7.5.jar:3.7.5]
	at java.base/java.util.concurrent.FutureTask.run(FutureTask.java:317) ~[?:?]
	at java.base/java.util.concurrent.ScheduledThreadPoolExecutor$ScheduledFutureTask.run(ScheduledThreadPoolExecutor.java:304) ~[?:?]
	at java.base/java.util.concurrent.ThreadPoolExecutor.runWorker(ThreadPoolExecutor.java:1144) ~[?:?]
	at java.base/java.util.concurrent.ThreadPoolExecutor$Worker.run(ThreadPoolExecutor.java:642) ~[?:?]
	at java.base/java.lang.Thread.run(Thread.java:1583) [?:?]
Caused by: org.postgresql.util.PSQLException: ERROR: value too long for type character varying(32)
	at org.postgresql.core.v3.QueryExecutorImpl.receiveErrorResponse(QueryExecutorImpl.java:2733) ~[postgresql-42.7.5.jar:42.7.5]
	at org.postgresql.core.v3.QueryExecutorImpl.processResults(QueryExecutorImpl.java:2420) ~[postgresql-42.7.5.jar:42.7.5]
	at org.postgresql.core.v3.QueryExecutorImpl.execute(QueryExecutorImpl.java:372) ~[postgresql-42.7.5.jar:42.7.5]
	at org.postgresql.jdbc.PgStatement.executeInternal(PgStatement.java:517) ~[postgresql-42.7.5.jar:42.7.5]
	at org.postgresql.jdbc.PgStatement.execute(PgStatement.java:434) ~[postgresql-42.7.5.jar:42.7.5]
	at org.postgresql.jdbc.PgPreparedStatement.executeWithFlags(PgPreparedStatement.java:194) ~[postgresql-42.7.5.jar:42.7.5]
	at org.postgresql.jdbc.PgPreparedStatement.execute(PgPreparedStatement.java:180) ~[postgresql-42.7.5.jar:42.7.5]
	at com.p6spy.engine.wrapper.PreparedStatementWrapper.execute(PreparedStatementWrapper.java:362) ~[p6spy-3.9.1.jar:?]
	at com.zaxxer.hikari.pool.ProxyPreparedStatement.execute(ProxyPreparedStatement.java:44) ~[HikariCP-5.1.0.jar:?]
	at com.zaxxer.hikari.pool.HikariProxyPreparedStatement.execute(HikariProxyPreparedStatement.java) ~[HikariCP-5.1.0.jar:?]
	at org.apache.ibatis.executor.statement.PreparedStatementHandler.update(PreparedStatementHandler.java:48) ~[mybatis-3.5.19.jar:3.5.19]
	at org.apache.ibatis.executor.statement.RoutingStatementHandler.update(RoutingStatementHandler.java:75) ~[mybatis-3.5.19.jar:3.5.19]
	at org.apache.ibatis.executor.SimpleExecutor.doUpdate(SimpleExecutor.java:50) ~[mybatis-3.5.19.jar:3.5.19]
	at org.apache.ibatis.executor.BaseExecutor.update(BaseExecutor.java:117) ~[mybatis-3.5.19.jar:3.5.19]
	at org.apache.ibatis.executor.CachingExecutor.update(CachingExecutor.java:76) ~[mybatis-3.5.19.jar:3.5.19]
	at org.apache.ibatis.session.defaults.DefaultSqlSession.update(DefaultSqlSession.java:197) ~[mybatis-3.5.19.jar:3.5.19]
	at org.apache.ibatis.session.defaults.DefaultSqlSession.insert(DefaultSqlSession.java:184) ~[mybatis-3.5.19.jar:3.5.19]
	at java.base/jdk.internal.reflect.DirectMethodHandleAccessor.invoke(DirectMethodHandleAccessor.java:103) ~[?:?]
	at java.base/java.lang.reflect.Method.invoke(Method.java:580) ~[?:?]
	at org.mybatis.spring.SqlSessionTemplate$SqlSessionInterceptor.invoke(SqlSessionTemplate.java:333) ~[mybatis-spring-3.0.4.jar:3.0.4]
	... 25 more
2025-09-03 18:57:33.521 [boundedElastic-1] ERROR com.quanxiaoha.ai.robot.advisor.CustomStreamLoggerAndMessage2DBAdvisor - 
java.lang.ArithmeticException: / by zero
	at com.quanxiaoha.ai.robot.advisor.CustomStreamLoggerAndMessage2DBAdvisor.lambda$adviseStream$1(CustomStreamLoggerAndMessage2DBAdvisor.java:95) ~[classes/:?]
	at org.springframework.transaction.support.TransactionTemplate.execute(TransactionTemplate.java:140) ~[spring-tx-6.2.6.jar:6.2.6]
	at com.quanxiaoha.ai.robot.advisor.CustomStreamLoggerAndMessage2DBAdvisor.lambda$adviseStream$2(CustomStreamLoggerAndMessage2DBAdvisor.java:85) ~[classes/:?]
	at reactor.core.publisher.FluxPeekFuseable$PeekConditionalSubscriber.onComplete(FluxPeekFuseable.java:931) ~[reactor-core-3.7.5.jar:3.7.5]
	at reactor.core.publisher.FluxPeekFuseable$PeekConditionalSubscriber.onComplete(FluxPeekFuseable.java:940) ~[reactor-core-3.7.5.jar:3.7.5]
	at reactor.core.publisher.FluxContextWrite$ContextWriteSubscriber.onComplete(FluxContextWrite.java:126) ~[reactor-core-3.7.5.jar:3.7.5]
	at reactor.core.publisher.FluxDoFinally$DoFinallySubscriber.onComplete(FluxDoFinally.java:128) ~[reactor-core-3.7.5.jar:3.7.5]
	at reactor.core.publisher.FluxPeekFuseable$PeekFuseableConditionalSubscriber.onComplete(FluxPeekFuseable.java:595) ~[reactor-core-3.7.5.jar:3.7.5]
	at reactor.core.publisher.FluxPublishOn$PublishOnConditionalSubscriber.doComplete(FluxPublishOn.java:1106) ~[reactor-core-3.7.5.jar:3.7.5]
	at reactor.core.publisher.FluxPublishOn$PublishOnConditionalSubscriber.checkTerminated(FluxPublishOn.java:1140) ~[reactor-core-3.7.5.jar:3.7.5]
	at reactor.core.publisher.FluxPublishOn$PublishOnConditionalSubscriber.runAsync(FluxPublishOn.java:996) ~[reactor-core-3.7.5.jar:3.7.5]
	at reactor.core.publisher.FluxPublishOn$PublishOnConditionalSubscriber.run(FluxPublishOn.java:1079) ~[reactor-core-3.7.5.jar:3.7.5]
	at reactor.core.scheduler.WorkerTask.call(WorkerTask.java:84) ~[reactor-core-3.7.5.jar:3.7.5]
	at reactor.core.scheduler.WorkerTask.call(WorkerTask.java:37) ~[reactor-core-3.7.5.jar:3.7.5]
	at java.base/java.util.concurrent.FutureTask.run(FutureTask.java:317) ~[?:?]
	at java.base/java.util.concurrent.ScheduledThreadPoolExecutor$ScheduledFutureTask.run(ScheduledThreadPoolExecutor.java:304) ~[?:?]
	at java.base/java.util.concurrent.ThreadPoolExecutor.runWorker(ThreadPoolExecutor.java:1144) ~[?:?]
	at java.base/java.util.concurrent.ThreadPoolExecutor$Worker.run(ThreadPoolExecutor.java:642) ~[?:?]
	at java.base/java.lang.Thread.run(Thread.java:1583) [?:?]
